# ELBREAD: Elaboration process.
# ELBREAD: Elaboration time 0.3 [s].
# Waveform file 'd:/Ema ^_^/VHDL/eCUPTOR/eCuptor/src/funct-nepermis.awc' connected to 'd:/Ema ^_^/VHDL/eCUPTOR/eCuptor/src/funct-nepermis.asdb'.
# Waveform file 'd:/Ema ^_^/VHDL/eCUPTOR/eCuptor/src/funct-siguranta.awc' connected to 'd:/Ema ^_^/VHDL/eCUPTOR/eCuptor/src/funct-siguranta.asdb'.
# Waveform file 'untitled.awc' connected to 'd:/Ema ^_^/VHDL/eCUPTOR/eCuptor/src/funct-siguranta.asdb'.
# Waveform file 'untitled.awc' connected to 'd:/Ema ^_^/VHDL/eCUPTOR/eCuptor/src/funct-normala.asdb'.
# Waveform file 'd:/Ema ^_^/VHDL/eCUPTOR/eCuptor/src/funct-normala.awc' connected to 'd:/Ema ^_^/VHDL/eCUPTOR/eCuptor/src/funct-normala.asdb'.
# Waveform file 'untitled.awc' connected to 'd:/Ema ^_^/VHDL/eCUPTOR/eCuptor/src/funct-nepermis.asdb'.
# Waveform file 'untitled.awc' connected to 'd:/Ema ^_^/VHDL/eCUPTOR/eCuptor/src/funct-normala.asdb'.
# Waveform file 'untitled.awc' connected to 'd:/Ema ^_^/VHDL/eCUPTOR/eCuptor/src/funct-siguranta.asdb'.
# Waveform file 'untitled.awc' connected to 'd:/Ema ^_^/VHDL/eCUPTOR/eCuptor/src/funct-normala.asdb'.
# Waveform file 'untitled.awc' connected to 'd:/Ema ^_^/VHDL/eCUPTOR/eCuptor/src/funct-nepermis.asdb'.
# Waveform file 'untitled.awc' connected to 'd:/Ema ^_^/VHDL/eCUPTOR/eCuptor/src/funct-siguranta.asdb'.
# Waveform file 'untitled.awc' connected to 'd:/Ema ^_^/VHDL/eCUPTOR/eCuptor/src/funct-normala.asdb'.
# Waveform file 'untitled.awc' connected to 'd:/Ema ^_^/VHDL/eCUPTOR/eCuptor/src/funct-siguranta.asdb'.
# Waveform file 'untitled.awc' connected to 'd:/Ema ^_^/VHDL/eCUPTOR/eCuptor/src/funct-normala.asdb'.
asim -O5 +access +r +m+entProiect entProiect archProiect
# ELBREAD: Elaboration process.
# ELBREAD: Elaboration time 0.0 [s].
# VSIM: Stack memory: 32MB
# VSIM: Retval memory: 32MB
# 
acom -O3 -e 100 -work eCuptor -2002  $dsn/src/eProiect.vhd
# Warning: DAGGEN_0523: The source is compiled without the -dbg switch. Line breakpoints and assertion debug will not be available.
# File: d:\Ema ^_^\VHDL\eCUPTOR\eCuptor\src\eProiect.vhd
# Compile Entity "entProiect"
# Compile Architecture "archProiect" of Entity "entProiect"
# Compile success 0 Errors 0 Warnings  Analysis time :  0.1 [s]
# ELBREAD: Elaboration process.
# ELBREAD: Elaboration time 0.0 [s].
# KERNEL: Main thread initiated.
# KERNEL: Kernel process initialization phase.
# KERNEL: Time resolution set to 1ps.
# ELAB2: Elaboration final pass...
# ELAB2: Create instances ...
# ELAB2: Create instances complete.
# SLP: Started
# SLP: Elaboration phase ...
# SLP: Elaboration phase ... skipped, nothing to simulate in SLP mode : 0.0 [s]
# SLP: Finished : 0.0 [s]
# ELAB2: Elaboration final pass complete - time: 0.2 [s].
# KERNEL: Warning: You are using the Active-HDL Student Edition. The performance of simulation is running at a reduced rate.
# KERNEL: Warning: Contact Aldec for available upgrade options - sales@aldec.com.
# KERNEL: Kernel process initialization done.
# Allocation: Simulator allocated 7076 kB (elbread=1280 elab2=5657 kernel=138 sdf=0)
# KERNEL: ASDB file was created in location d:\Ema ^_^\VHDL\eCUPTOR\eCuptor\src\wave.asdb
# force -freeze /entProiect/Resett 0
# force -freeze /entProiect/START 0
#  1:19 PM, Wednesday, May 16, 2018
#  Simulation has been initialized
endsim
# VSIM: Simulation has finished.
